<?xml version="1.0" encoding="UTF-8"?>
<!-- Generated by org.testng.reporters.JUnitReportReporter -->
<testsuite skipped="3" hostname="DESKTOP-J4P07RR" name="com.tests.LoginTest" tests="4" failures="0" timestamp="01 Jul 2022 13:39:31 GMT" time="25.059" errors="1">
  <testcase name="passtest" time="0.000" classname="com.tests.LoginTest">
    <skipped/>
  </testcase> <!-- passtest -->
  <testcase name="failtest" time="0.000" classname="com.tests.LoginTest">
    <skipped/>
  </testcase> <!-- failtest -->
  <testcase name="setup" time="25.059" classname="com.tests.LoginTest">
    <error type="org.openqa.selenium.SessionNotCreatedException" message="session not created: This version of ChromeDriver only supports Chrome version 101
Current browser version is 103.0.5060.66 with binary path C:\Program Files\Google\Chrome\Application\chrome.exe
Build info: version: &#039;3.141.59&#039;, revision: &#039;e82be7d358&#039;, time: &#039;2018-11-14T08:17:03&#039;
System info: host: &#039;DESKTOP-J4P07RR&#039;, ip: &#039;192.168.1.9&#039;, os.name: &#039;Windows 10&#039;, os.arch: &#039;amd64&#039;, os.version: &#039;10.0&#039;, java.version: &#039;1.8.0_144&#039;
Driver info: driver.version: ChromeDriver
remote stacktrace: Backtrace:
	Ordinal0 [0x015FB8F3+2406643]
	Ordinal0 [0x0158AF31+1945393]
	Ordinal0 [0x0147C748+837448]
	Ordinal0 [0x0149C8B3+968883]
	Ordinal0 [0x014984BA+951482]
	Ordinal0 [0x01495D71+941425]
	Ordinal0 [0x014C8EE0+1150688]
	Ordinal0 [0x014C8B3A+1149754]
	Ordinal0 [0x014C4096+1130646]
	Ordinal0 [0x0149E636+976438]
	Ordinal0 [0x0149F546+980294]
	GetHandleVerifier [0x01869612+2498066]
	GetHandleVerifier [0x0185C920+2445600]
	GetHandleVerifier [0x01694F2A+579370]
	GetHandleVerifier [0x01693D36+574774]
	Ordinal0 [0x01591C0B+1973259]
	Ordinal0 [0x01596688+1992328]
	Ordinal0 [0x01596775+1992565]
	Ordinal0 [0x0159F8D1+2029777]
	BaseThreadInitThunk [0x7637FE09+25]
	RtlGetAppContainerNamedObjectPath [0x76F7607D+237]
	RtlGetAppContainerNamedObjectPath [0x76F7604D+189]
">
      <![CDATA[org.openqa.selenium.SessionNotCreatedException: session not created: This version of ChromeDriver only supports Chrome version 101
Current browser version is 103.0.5060.66 with binary path C:\Program Files\Google\Chrome\Application\chrome.exe
Build info: version: '3.141.59', revision: 'e82be7d358', time: '2018-11-14T08:17:03'
System info: host: 'DESKTOP-J4P07RR', ip: '192.168.1.9', os.name: 'Windows 10', os.arch: 'amd64', os.version: '10.0', java.version: '1.8.0_144'
Driver info: driver.version: ChromeDriver
remote stacktrace: Backtrace:
Ordinal0 [0x015FB8F3+2406643]
Ordinal0 [0x0158AF31+1945393]
Ordinal0 [0x0147C748+837448]
Ordinal0 [0x0149C8B3+968883]
Ordinal0 [0x014984BA+951482]
Ordinal0 [0x01495D71+941425]
Ordinal0 [0x014C8EE0+1150688]
Ordinal0 [0x014C8B3A+1149754]
Ordinal0 [0x014C4096+1130646]
Ordinal0 [0x0149E636+976438]
Ordinal0 [0x0149F546+980294]
GetHandleVerifier [0x01869612+2498066]
GetHandleVerifier [0x0185C920+2445600]
GetHandleVerifier [0x01694F2A+579370]
GetHandleVerifier [0x01693D36+574774]
Ordinal0 [0x01591C0B+1973259]
Ordinal0 [0x01596688+1992328]
Ordinal0 [0x01596775+1992565]
Ordinal0 [0x0159F8D1+2029777]
BaseThreadInitThunk [0x7637FE09+25]
RtlGetAppContainerNamedObjectPath [0x76F7607D+237]
RtlGetAppContainerNamedObjectPath [0x76F7604D+189]

at sun.reflect.NativeConstructorAccessorImpl.newInstance0(Native Method)
at sun.reflect.NativeConstructorAccessorImpl.newInstance(NativeConstructorAccessorImpl.java:62)
at sun.reflect.DelegatingConstructorAccessorImpl.newInstance(DelegatingConstructorAccessorImpl.java:45)
at java.lang.reflect.Constructor.newInstance(Constructor.java:423)
at org.openqa.selenium.remote.W3CHandshakeResponse.lambda$errorHandler$0(W3CHandshakeResponse.java:62)
at org.openqa.selenium.remote.HandshakeResponse.lambda$getResponseFunction$0(HandshakeResponse.java:30)
at org.openqa.selenium.remote.ProtocolHandshake.lambda$createSession$0(ProtocolHandshake.java:126)
at java.util.stream.ReferencePipeline$3$1.accept(ReferencePipeline.java:193)
at java.util.Spliterators$ArraySpliterator.tryAdvance(Spliterators.java:958)
at java.util.stream.ReferencePipeline.forEachWithCancel(ReferencePipeline.java:126)
at java.util.stream.AbstractPipeline.copyIntoWithCancel(AbstractPipeline.java:498)
at java.util.stream.AbstractPipeline.copyInto(AbstractPipeline.java:485)
at java.util.stream.AbstractPipeline.wrapAndCopyInto(AbstractPipeline.java:471)
at java.util.stream.FindOps$FindOp.evaluateSequential(FindOps.java:152)
at java.util.stream.AbstractPipeline.evaluate(AbstractPipeline.java:234)
at java.util.stream.ReferencePipeline.findFirst(ReferencePipeline.java:464)
at org.openqa.selenium.remote.ProtocolHandshake.createSession(ProtocolHandshake.java:128)
at org.openqa.selenium.remote.ProtocolHandshake.createSession(ProtocolHandshake.java:74)
at org.openqa.selenium.remote.HttpCommandExecutor.execute(HttpCommandExecutor.java:136)
at org.openqa.selenium.remote.service.DriverCommandExecutor.execute(DriverCommandExecutor.java:83)
at org.openqa.selenium.remote.RemoteWebDriver.execute(RemoteWebDriver.java:552)
at org.openqa.selenium.remote.RemoteWebDriver.startSession(RemoteWebDriver.java:213)
at org.openqa.selenium.remote.RemoteWebDriver.<init>(RemoteWebDriver.java:131)
at org.openqa.selenium.chrome.ChromeDriver.<init>(ChromeDriver.java:181)
at org.openqa.selenium.chrome.ChromeDriver.<init>(ChromeDriver.java:168)
at org.openqa.selenium.chrome.ChromeDriver.<init>(ChromeDriver.java:123)
at com.base.BaseClass.initilization(BaseClass.java:32)
at com.tests.LoginTest.setup(LoginTest.java:17)
at sun.reflect.NativeMethodAccessorImpl.invoke0(Native Method)
at sun.reflect.NativeMethodAccessorImpl.invoke(NativeMethodAccessorImpl.java:62)
at sun.reflect.DelegatingMethodAccessorImpl.invoke(DelegatingMethodAccessorImpl.java:43)
at java.lang.reflect.Method.invoke(Method.java:498)
at org.testng.internal.MethodInvocationHelper.invokeMethod(MethodInvocationHelper.java:124)
at org.testng.internal.MethodInvocationHelper.invokeMethodConsideringTimeout(MethodInvocationHelper.java:59)
at org.testng.internal.Invoker.invokeConfigurationMethod(Invoker.java:458)
at org.testng.internal.Invoker.invokeConfigurations(Invoker.java:222)
at org.testng.internal.Invoker.invokeConfigurations(Invoker.java:142)
at org.testng.SuiteRunner.privateRun(SuiteRunner.java:401)
at org.testng.SuiteRunner.run(SuiteRunner.java:364)
at org.testng.SuiteRunnerWorker.runSuite(SuiteRunnerWorker.java:52)
at org.testng.SuiteRunnerWorker.run(SuiteRunnerWorker.java:84)
at org.testng.TestNG.runSuitesSequentially(TestNG.java:1208)
at org.testng.TestNG.runSuitesLocally(TestNG.java:1137)
at org.testng.TestNG.runSuites(TestNG.java:1049)
at org.testng.TestNG.run(TestNG.java:1017)
at org.testng.remote.AbstractRemoteTestNG.run(AbstractRemoteTestNG.java:115)
at org.testng.remote.RemoteTestNG.initAndRun(RemoteTestNG.java:251)
at org.testng.remote.RemoteTestNG.main(RemoteTestNG.java:77)
]]>
    </error>
  </testcase> <!-- setup -->
  <testcase name="skiptest" time="0.000" classname="com.tests.LoginTest">
    <skipped/>
  </testcase> <!-- skiptest -->
</testsuite> <!-- com.tests.LoginTest -->
